13:19:21 - vTweet.views - TWEET NO. 0
13:19:21 - vTweet.views - HASHTAGS
13:19:21 - vTweet.views - 0 HASHTAGS COMMITTED
13:19:21 - vTweet.views - PLACE
13:19:21 - vTweet.views - Manhattan
13:19:21 - vTweet.views - PLACE COMMITTED
13:19:21 - vTweet.views - TWEET
13:19:21 - vTweet.views - 1244508678729928704
13:19:21 - vTweet.views - TWEET ADDED
13:19:21 - vTweet.views - OPs OF TWEET
13:19:21 - vTweet.views - 83721606
13:19:21 - vTweet.views - TWEET USER
13:19:21 - vTweet.views - 83721606
13:19:21 - vTweet.views - TWEET USER ADDED
13:19:21 - vTweet.views - OPs OF TWEET ADDED
13:19:21 - vTweet.views - RETWEETED USER
13:19:21 - vTweet.views - RETWEETED USER ADDED
13:19:21 - vTweet.views - MENTIONED USER
13:19:21 - vTweet.views - MENTIONED USER ADDED
13:19:21 - vTweet.views - TWEET_HASHTAGS
13:19:21 - vTweet.views - TWEET_HASHTAGS ADDED
13:19:21 - vTweet.views - 


13:19:21 - vTweet.views - TWEET NO. 1
13:19:21 - vTweet.views - HASHTAGS
13:19:21 - vTweet.views - turtlewuzhere
13:19:21 - vTweet.views - nyc
13:19:21 - vTweet.views - gopro
13:19:21 - vTweet.views - video
13:19:21 - vTweet.views - clip
13:19:21 - vTweet.views - scubagirl
13:19:21 - vTweet.views - diving
13:19:21 - vTweet.views - torylanez
13:19:21 - vTweet.views - 8 HASHTAGS COMMITTED
13:19:21 - vTweet.views - PLACE
13:19:21 - vTweet.views - Manhattan
13:19:21 - vTweet.views - PLACE COMMITTED
13:19:21 - vTweet.views - TWEET
13:19:21 - vTweet.views - 1244496249417580544
13:19:21 - vTweet.views - TWEET ADDED
13:19:21 - vTweet.views - OPs OF TWEET
13:19:21 - vTweet.views - 338314907
13:19:21 - vTweet.views - TWEET USER
13:19:21 - vTweet.views - 338314907
13:19:21 - vTweet.views - TWEET USER ADDED
13:19:21 - vTweet.views - OPs OF TWEET ADDED
13:19:21 - vTweet.views - RETWEETED USER
13:19:21 - vTweet.views - RETWEETED USER ADDED
13:19:21 - vTweet.views - MENTIONED USER
13:19:21 - vTweet.views - MENTIONED USER ADDED
13:19:21 - vTweet.views - TWEET_HASHTAGS
13:19:21 - vTweet.views - 1244496249417580544
13:19:21 - vTweet.views - 1244496249417580544
13:19:21 - vTweet.views - 1244496249417580544
13:19:21 - vTweet.views - 1244496249417580544
13:19:21 - vTweet.views - 1244496249417580544
13:19:21 - vTweet.views - 1244496249417580544
13:19:21 - vTweet.views - 1244496249417580544
13:19:21 - vTweet.views - 1244496249417580544
13:19:21 - vTweet.views - TWEET_HASHTAGS ADDED
13:19:21 - vTweet.views - 


13:19:21 - vTweet.views - TWEET NO. 2
13:19:21 - vTweet.views - HASHTAGS
13:19:21 - vTweet.views - 29Mar
13:19:21 - vTweet.views - Coronavirus
13:19:21 - vTweet.views - EEUU
13:19:21 - vTweet.views - Covid19
13:19:21 - vTweet.views - 4 HASHTAGS COMMITTED
13:19:21 - vTweet.views - PLACE
13:19:21 - vTweet.views - Manhattan
13:19:21 - vTweet.views - PLACE COMMITTED
13:19:21 - vTweet.views - TWEET
13:19:21 - vTweet.views - 1244472995793514497
13:19:21 - vTweet.views - TWEET ADDED
13:19:21 - vTweet.views - OPs OF TWEET
13:19:21 - vTweet.views - 212076513
13:19:21 - vTweet.views - TWEET USER
13:19:21 - vTweet.views - 212076513
13:19:21 - vTweet.views - TWEET USER ADDED
13:19:21 - vTweet.views - OPs OF TWEET ADDED
13:19:21 - vTweet.views - RETWEETED USER
13:19:21 - vTweet.views - RETWEETED USER ADDED
13:19:21 - vTweet.views - MENTIONED USER
13:19:21 - vTweet.views - MENTIONED USER ADDED
13:19:21 - vTweet.views - TWEET_HASHTAGS
13:19:21 - vTweet.views - 1244472995793514497
13:19:21 - vTweet.views - 1244472995793514497
13:19:21 - vTweet.views - 1244472995793514497
13:19:21 - vTweet.views - 1244472995793514497
13:19:21 - vTweet.views - TWEET_HASHTAGS ADDED
13:19:21 - vTweet.views - 


13:19:21 - vTweet.views - TWEET NO. 3
13:19:21 - vTweet.views - HASHTAGS
13:19:21 - vTweet.views - COVID19
13:19:21 - vTweet.views - 1 HASHTAGS COMMITTED
13:19:21 - vTweet.views - PLACE
13:19:21 - vTweet.views - PLACE COMMITTED
13:19:21 - vTweet.views - TWEET
13:19:21 - vTweet.views - 1244472064972599298
13:19:21 - vTweet.views - TWEET ADDED
13:19:21 - vTweet.views - OPs OF TWEET
13:19:21 - vTweet.views - 15987955
13:19:21 - vTweet.views - TWEET USER
13:19:21 - vTweet.views - 15987955
13:19:21 - vTweet.views - TWEET USER ADDED
13:19:21 - vTweet.views - OPs OF TWEET ADDED
13:19:21 - vTweet.views - RETWEETED USER
13:19:21 - vTweet.views - RETWEETED USER ADDED
13:19:21 - vTweet.views - MENTIONED USER
13:19:21 - vTweet.views - MENTIONED USER ADDED
13:19:21 - vTweet.views - TWEET_HASHTAGS
13:19:21 - vTweet.views - 1244472064972599298
13:19:21 - vTweet.views - TWEET_HASHTAGS ADDED
13:19:21 - vTweet.views - 


13:19:21 - vTweet.views - TWEET NO. 4
13:19:21 - vTweet.views - HASHTAGS
13:19:21 - vTweet.views - WhoYouGonnaCall
13:19:21 - vTweet.views - covid19
13:19:21 - vTweet.views - 2 HASHTAGS COMMITTED
13:19:21 - vTweet.views - PLACE
13:19:21 - vTweet.views - Manhattan
13:19:21 - vTweet.views - PLACE COMMITTED
13:19:21 - vTweet.views - TWEET
13:19:21 - vTweet.views - 1244442196528562177
13:19:21 - vTweet.views - TWEET ADDED
13:19:21 - vTweet.views - OPs OF TWEET
13:19:21 - vTweet.views - 27628373
13:19:21 - vTweet.views - TWEET USER
13:19:21 - vTweet.views - 27628373
13:19:21 - vTweet.views - TWEET USER ADDED
13:19:21 - vTweet.views - OPs OF TWEET ADDED
13:19:21 - vTweet.views - RETWEETED USER
13:19:21 - vTweet.views - RETWEETED USER ADDED
13:19:21 - vTweet.views - MENTIONED USER
13:19:21 - vTweet.views - MENTIONED USER ADDED
13:19:21 - vTweet.views - TWEET_HASHTAGS
13:19:21 - vTweet.views - 1244442196528562177
13:19:21 - vTweet.views - 1244442196528562177
13:19:21 - vTweet.views - TWEET_HASHTAGS ADDED
13:19:21 - vTweet.views - 


13:19:21 - vTweet.views - TWEET NO. 5
13:19:21 - vTweet.views - HASHTAGS
13:19:21 - vTweet.views - 0 HASHTAGS COMMITTED
13:19:21 - vTweet.views - PLACE
13:19:21 - vTweet.views - Manhattan
13:19:21 - vTweet.views - PLACE COMMITTED
13:19:21 - vTweet.views - TWEET
13:19:21 - vTweet.views - 1244423413386616832
13:19:21 - vTweet.views - TWEET ADDED
13:19:21 - vTweet.views - OPs OF TWEET
13:19:21 - vTweet.views - 28056853
13:19:21 - vTweet.views - TWEET USER
13:19:21 - vTweet.views - 28056853
13:19:21 - vTweet.views - TWEET USER ADDED
13:19:21 - vTweet.views - OPs OF TWEET ADDED
13:19:21 - vTweet.views - RETWEETED USER
13:19:21 - vTweet.views - RETWEETED USER ADDED
13:19:21 - vTweet.views - MENTIONED USER
13:19:21 - vTweet.views - MENTIONED USER ADDED
13:19:21 - vTweet.views - TWEET_HASHTAGS
13:19:21 - vTweet.views - TWEET_HASHTAGS ADDED
13:19:21 - vTweet.views - 


13:19:21 - vTweet.views - TWEET NO. 6
13:19:21 - vTweet.views - HASHTAGS
13:19:21 - vTweet.views - 0 HASHTAGS COMMITTED
13:19:21 - vTweet.views - PLACE
13:19:21 - vTweet.views - Manhattan
13:19:21 - vTweet.views - PLACE COMMITTED
13:19:21 - vTweet.views - TWEET
13:19:21 - vTweet.views - 1244408627190009856
13:19:21 - vTweet.views - TWEET ADDED
13:19:21 - vTweet.views - OPs OF TWEET
13:19:21 - vTweet.views - 1520810166
13:19:21 - vTweet.views - TWEET USER
13:19:21 - vTweet.views - 1520810166
13:19:21 - vTweet.views - TWEET USER ADDED
13:19:21 - vTweet.views - OPs OF TWEET ADDED
13:19:21 - vTweet.views - RETWEETED USER
13:19:21 - vTweet.views - RETWEETED USER ADDED
13:19:21 - vTweet.views - MENTIONED USER
13:19:21 - vTweet.views - MENTIONED USER ADDED
13:19:21 - vTweet.views - TWEET_HASHTAGS
13:19:21 - vTweet.views - TWEET_HASHTAGS ADDED
13:19:21 - vTweet.views - 


13:19:21 - vTweet.views - TWEET NO. 7
13:19:21 - vTweet.views - HASHTAGS
13:19:21 - vTweet.views - covid19
13:19:21 - vTweet.views - 1 HASHTAGS COMMITTED
13:19:21 - vTweet.views - PLACE
13:19:21 - vTweet.views - PLACE COMMITTED
13:19:21 - vTweet.views - TWEET
13:19:21 - vTweet.views - 1244367632813432833
13:19:21 - vTweet.views - TWEET ADDED
13:19:21 - vTweet.views - OPs OF TWEET
13:19:21 - vTweet.views - 940853278652411904
13:19:21 - vTweet.views - TWEET USER
13:19:21 - vTweet.views - 940853278652411904
13:19:21 - vTweet.views - TWEET USER ADDED
13:19:21 - vTweet.views - OPs OF TWEET ADDED
13:19:21 - vTweet.views - RETWEETED USER
13:19:21 - vTweet.views - RETWEETED USER ADDED
13:19:21 - vTweet.views - MENTIONED USER
13:19:21 - vTweet.views - MENTIONED USER ADDED
13:19:21 - vTweet.views - TWEET_HASHTAGS
13:19:21 - vTweet.views - 1244367632813432833
13:19:21 - vTweet.views - TWEET_HASHTAGS ADDED
13:19:21 - vTweet.views - 


13:19:21 - vTweet.views - TWEET NO. 8
13:19:21 - vTweet.views - HASHTAGS
13:19:21 - vTweet.views - stayhome
13:19:21 - vTweet.views - stayathome
13:19:21 - vTweet.views - staythefuckhome
13:19:21 - vTweet.views - summer2020
13:19:21 - vTweet.views - coronavirusmemes
13:19:21 - vTweet.views - COVID19
13:19:21 - vTweet.views - 6 HASHTAGS COMMITTED
13:19:21 - vTweet.views - PLACE
13:19:21 - vTweet.views - Manhattan
13:19:21 - vTweet.views - PLACE COMMITTED
13:19:21 - vTweet.views - TWEET
13:19:21 - vTweet.views - 1244353708067934208
13:19:21 - vTweet.views - TWEET ADDED
13:19:21 - vTweet.views - OPs OF TWEET
13:19:21 - vTweet.views - 2383228064
13:19:21 - vTweet.views - TWEET USER
13:19:21 - vTweet.views - 2383228064
13:19:21 - vTweet.views - TWEET USER ADDED
13:19:21 - vTweet.views - OPs OF TWEET ADDED
13:19:21 - vTweet.views - RETWEETED USER
13:19:21 - vTweet.views - RETWEETED USER ADDED
13:19:21 - vTweet.views - MENTIONED USER
13:19:21 - vTweet.views - MENTIONED USER ADDED
13:19:21 - vTweet.views - TWEET_HASHTAGS
13:19:21 - vTweet.views - 1244353708067934208
13:19:21 - vTweet.views - 1244353708067934208
13:19:21 - vTweet.views - 1244353708067934208
13:19:21 - vTweet.views - 1244353708067934208
13:19:21 - vTweet.views - 1244353708067934208
13:19:21 - vTweet.views - 1244353708067934208
13:19:21 - vTweet.views - TWEET_HASHTAGS ADDED
13:19:21 - vTweet.views - 


13:19:21 - vTweet.views - TWEET NO. 9
13:19:21 - vTweet.views - HASHTAGS
13:19:21 - vTweet.views - ChinaLiedPeopleDied
13:19:21 - vTweet.views - COVID19
13:19:21 - vTweet.views - 2 HASHTAGS COMMITTED
13:19:21 - vTweet.views - PLACE
13:19:21 - vTweet.views - PLACE COMMITTED
13:19:21 - vTweet.views - TWEET
13:19:21 - vTweet.views - 1244340480369803264
13:19:21 - vTweet.views - TWEET ADDED
13:19:21 - vTweet.views - OPs OF TWEET
13:19:21 - vTweet.views - 770287476242079744
13:19:21 - vTweet.views - TWEET USER
13:19:21 - vTweet.views - 770287476242079744
13:19:21 - vTweet.views - TWEET USER ADDED
13:19:21 - vTweet.views - OPs OF TWEET ADDED
13:19:21 - vTweet.views - RETWEETED USER
13:19:21 - vTweet.views - RETWEETED USER ADDED
13:19:21 - vTweet.views - MENTIONED USER
13:19:21 - vTweet.views - MENTIONED USER ADDED
13:19:21 - vTweet.views - TWEET_HASHTAGS
13:19:21 - vTweet.views - 1244340480369803264
13:19:21 - vTweet.views - 1244340480369803264
13:19:21 - vTweet.views - TWEET_HASHTAGS ADDED
13:19:21 - vTweet.views - 


